2024-11-23 10:35:09,593 - select pg_catalog.version()
2024-11-23 10:35:09,593 - [raw sql] ()
2024-11-23 10:35:09,594 - select current_schema()
2024-11-23 10:35:09,595 - [raw sql] ()
2024-11-23 10:35:09,596 - show standard_conforming_strings
2024-11-23 10:35:09,596 - [raw sql] ()
2024-11-23 10:35:09,597 - BEGIN (implicit)
2024-11-23 10:35:09,600 - SELECT pg_catalog.pg_class.relname 
FROM pg_catalog.pg_class JOIN pg_catalog.pg_namespace ON pg_catalog.pg_namespace.oid = pg_catalog.pg_class.relnamespace 
WHERE pg_catalog.pg_class.relname = $1::VARCHAR AND pg_catalog.pg_class.relkind = ANY (ARRAY[$2::VARCHAR, $3::VARCHAR, $4::VARCHAR, $5::VARCHAR, $6::VARCHAR]) AND pg_catalog.pg_table_is_visible(pg_catalog.pg_class.oid) AND pg_catalog.pg_namespace.nspname != $7::VARCHAR
2024-11-23 10:35:09,600 - [generated in 0.00026s] ('roles', 'r', 'p', 'f', 'v', 'm', 'pg_catalog')
2024-11-23 10:35:09,602 - SELECT pg_catalog.pg_class.relname 
FROM pg_catalog.pg_class JOIN pg_catalog.pg_namespace ON pg_catalog.pg_namespace.oid = pg_catalog.pg_class.relnamespace 
WHERE pg_catalog.pg_class.relname = $1::VARCHAR AND pg_catalog.pg_class.relkind = ANY (ARRAY[$2::VARCHAR, $3::VARCHAR, $4::VARCHAR, $5::VARCHAR, $6::VARCHAR]) AND pg_catalog.pg_table_is_visible(pg_catalog.pg_class.oid) AND pg_catalog.pg_namespace.nspname != $7::VARCHAR
2024-11-23 10:35:09,603 - [cached since 0.002467s ago] ('users', 'r', 'p', 'f', 'v', 'm', 'pg_catalog')
2024-11-23 10:35:09,608 - SELECT roles.id, roles.name 
FROM roles 
WHERE roles.name IN ($1::VARCHAR, $2::VARCHAR)
2024-11-23 10:35:09,608 - [generated in 0.00026s] ('role_manager', 'role_staff')
2024-11-23 10:35:09,609 - COMMIT
2024-11-23 10:35:22,296 - BEGIN (implicit)
2024-11-23 10:35:22,297 - SELECT users.id, users.username, users.password, users.role_id, roles.id AS id_1, roles.name 
FROM users JOIN roles ON users.role_id = roles.id 
WHERE users.username = $1::VARCHAR
2024-11-23 10:35:22,298 - [generated in 0.00030s] ('chu',)
2024-11-23 10:35:22,413 - ROLLBACK
2024-11-23 10:35:33,335 - Executing query: SELECT * FROM Orders;
2024-11-23 10:35:33,335 - BEGIN (implicit)
2024-11-23 10:35:33,336 - SELECT * FROM Orders;
2024-11-23 10:35:33,336 - [generated in 0.00028s] ()
2024-11-23 10:35:33,339 - ROLLBACK
2024-11-23 10:37:49,947 - select pg_catalog.version()
2024-11-23 10:37:49,947 - [raw sql] ()
2024-11-23 10:37:49,949 - select current_schema()
2024-11-23 10:37:49,949 - [raw sql] ()
2024-11-23 10:37:49,950 - show standard_conforming_strings
2024-11-23 10:37:49,950 - [raw sql] ()
2024-11-23 10:37:49,951 - BEGIN (implicit)
2024-11-23 10:37:49,955 - SELECT pg_catalog.pg_class.relname 
FROM pg_catalog.pg_class JOIN pg_catalog.pg_namespace ON pg_catalog.pg_namespace.oid = pg_catalog.pg_class.relnamespace 
WHERE pg_catalog.pg_class.relname = $1::VARCHAR AND pg_catalog.pg_class.relkind = ANY (ARRAY[$2::VARCHAR, $3::VARCHAR, $4::VARCHAR, $5::VARCHAR, $6::VARCHAR]) AND pg_catalog.pg_table_is_visible(pg_catalog.pg_class.oid) AND pg_catalog.pg_namespace.nspname != $7::VARCHAR
2024-11-23 10:37:49,955 - [generated in 0.00034s] ('roles', 'r', 'p', 'f', 'v', 'm', 'pg_catalog')
2024-11-23 10:37:49,958 - SELECT pg_catalog.pg_class.relname 
FROM pg_catalog.pg_class JOIN pg_catalog.pg_namespace ON pg_catalog.pg_namespace.oid = pg_catalog.pg_class.relnamespace 
WHERE pg_catalog.pg_class.relname = $1::VARCHAR AND pg_catalog.pg_class.relkind = ANY (ARRAY[$2::VARCHAR, $3::VARCHAR, $4::VARCHAR, $5::VARCHAR, $6::VARCHAR]) AND pg_catalog.pg_table_is_visible(pg_catalog.pg_class.oid) AND pg_catalog.pg_namespace.nspname != $7::VARCHAR
2024-11-23 10:37:49,958 - [cached since 0.002895s ago] ('users', 'r', 'p', 'f', 'v', 'm', 'pg_catalog')
2024-11-23 10:37:49,964 - SELECT roles.id, roles.name 
FROM roles 
WHERE roles.name IN ($1::VARCHAR, $2::VARCHAR)
2024-11-23 10:37:49,964 - [generated in 0.00038s] ('role_manager', 'role_staff')
2024-11-23 10:37:49,966 - COMMIT
2024-11-23 10:38:03,435 - BEGIN (implicit)
2024-11-23 10:38:03,439 - SELECT users.id, users.username, users.password, users.role_id, roles.id AS id_1, roles.name 
FROM users JOIN roles ON users.role_id = roles.id 
WHERE users.username = $1::VARCHAR
2024-11-23 10:38:03,440 - [generated in 0.00090s] ('chu',)
2024-11-23 10:38:03,570 - ROLLBACK
2024-11-23 10:38:13,801 - Executing query: SELECT * FROM Orders;
2024-11-23 10:38:13,801 - BEGIN (implicit)
2024-11-23 10:38:13,802 - SELECT * FROM Orders;
2024-11-23 10:38:13,802 - [generated in 0.00032s] ()
2024-11-23 10:38:13,804 - Query executed in 0.0028 seconds
2024-11-23 10:38:13,812 - ROLLBACK
2024-11-23 10:38:50,900 - Executing query: SELECT * FROM main_log;
2024-11-23 10:38:50,900 - BEGIN (implicit)
2024-11-23 10:38:50,901 - SELECT * FROM main_log;
2024-11-23 10:38:50,902 - [generated in 0.00050s] ()
2024-11-23 10:38:50,913 - Query executed in 0.0134 seconds
2024-11-23 10:38:50,914 - ROLLBACK
2024-11-23 10:39:58,001 - BEGIN (implicit)
2024-11-23 10:39:58,002 - SELECT users.id, users.username, users.password, users.role_id 
FROM users 
WHERE users.username = $1::VARCHAR
2024-11-23 10:39:58,002 - [generated in 0.00016s] ('chudoan',)
2024-11-23 10:39:58,003 - SELECT roles.id, roles.name 
FROM roles 
WHERE roles.name = $1::VARCHAR
2024-11-23 10:39:58,004 - [generated in 0.00017s] ('role_staff',)
2024-11-23 10:39:58,006 - INSERT INTO users (username, password, role_id) VALUES ($1::VARCHAR, $2::VARCHAR, $3::INTEGER) RETURNING users.id
2024-11-23 10:39:58,006 - [generated in 0.00019s] ('chudoan', 'scrypt:32768:8:1$rtJM7IsPgeddR039$902834daa784864ac16634074107ace173779ccaec55bd310de7593ba22548afcba7c9fe7e71dff681fe290751faab58fb0aed0972cf4e143714dbac7fbb9fdc', 2)
2024-11-23 10:39:58,007 - COMMIT
2024-11-23 10:40:06,374 - BEGIN (implicit)
2024-11-23 10:40:06,375 - SELECT users.id, users.username, users.password, users.role_id, roles.id AS id_1, roles.name 
FROM users JOIN roles ON users.role_id = roles.id 
WHERE users.username = $1::VARCHAR
2024-11-23 10:40:06,375 - [cached since 122.9s ago] ('chudoan',)
2024-11-23 10:40:06,485 - ROLLBACK
2024-11-23 10:40:21,152 - Executing query: SELECT * FROM sales_employee_view;
2024-11-23 10:40:21,152 - BEGIN (implicit)
2024-11-23 10:40:21,152 - SELECT * FROM sales_employee_view;
2024-11-23 10:40:21,152 - [generated in 0.00017s] ()
2024-11-23 10:40:21,163 - Query executed in 0.0113 seconds
2024-11-23 10:40:21,164 - ROLLBACK
2024-11-23 10:40:32,489 - Executing query: SELECT * FROM main_log;
2024-11-23 10:40:32,489 - BEGIN (implicit)
2024-11-23 10:40:32,489 - SELECT * FROM main_log;
2024-11-23 10:40:32,489 - [cached since 101.6s ago] ()
2024-11-23 10:40:32,490 - Query executed in 0.0017 seconds
2024-11-23 10:40:32,491 - ROLLBACK
2024-11-23 10:42:16,394 - Executing query: SELECT * FROM main_log;
2024-11-23 10:42:16,394 - BEGIN (implicit)
2024-11-23 10:42:16,395 - SELECT * FROM main_log;
2024-11-23 10:42:16,395 - [cached since 205.5s ago] ()
2024-11-23 10:42:16,396 - Query executed in 0.0024 seconds
2024-11-23 10:42:16,397 - ROLLBACK
2024-11-23 10:42:20,324 - Executing query: SELECT * FROM sales_employee_view;
2024-11-23 10:42:20,325 - BEGIN (implicit)
2024-11-23 10:42:20,325 - SELECT * FROM sales_employee_view;
2024-11-23 10:42:20,326 - [cached since 119.2s ago] ()
2024-11-23 10:42:20,327 - Query executed in 0.0024 seconds
2024-11-23 10:42:20,328 - ROLLBACK
2024-11-23 10:50:08,232 - select pg_catalog.version()
2024-11-23 10:50:08,232 - [raw sql] ()
2024-11-23 10:50:08,233 - select current_schema()
2024-11-23 10:50:08,233 - [raw sql] ()
2024-11-23 10:50:08,234 - show standard_conforming_strings
2024-11-23 10:50:08,235 - [raw sql] ()
2024-11-23 10:50:08,235 - BEGIN (implicit)
2024-11-23 10:50:08,239 - SELECT pg_catalog.pg_class.relname 
FROM pg_catalog.pg_class JOIN pg_catalog.pg_namespace ON pg_catalog.pg_namespace.oid = pg_catalog.pg_class.relnamespace 
WHERE pg_catalog.pg_class.relname = $1::VARCHAR AND pg_catalog.pg_class.relkind = ANY (ARRAY[$2::VARCHAR, $3::VARCHAR, $4::VARCHAR, $5::VARCHAR, $6::VARCHAR]) AND pg_catalog.pg_table_is_visible(pg_catalog.pg_class.oid) AND pg_catalog.pg_namespace.nspname != $7::VARCHAR
2024-11-23 10:50:08,239 - [generated in 0.00026s] ('roles', 'r', 'p', 'f', 'v', 'm', 'pg_catalog')
2024-11-23 10:50:08,242 - SELECT pg_catalog.pg_class.relname 
FROM pg_catalog.pg_class JOIN pg_catalog.pg_namespace ON pg_catalog.pg_namespace.oid = pg_catalog.pg_class.relnamespace 
WHERE pg_catalog.pg_class.relname = $1::VARCHAR AND pg_catalog.pg_class.relkind = ANY (ARRAY[$2::VARCHAR, $3::VARCHAR, $4::VARCHAR, $5::VARCHAR, $6::VARCHAR]) AND pg_catalog.pg_table_is_visible(pg_catalog.pg_class.oid) AND pg_catalog.pg_namespace.nspname != $7::VARCHAR
2024-11-23 10:50:08,242 - [cached since 0.002647s ago] ('users', 'r', 'p', 'f', 'v', 'm', 'pg_catalog')
2024-11-23 10:50:08,248 - SELECT roles.id, roles.name 
FROM roles 
WHERE roles.name IN ($1::VARCHAR, $2::VARCHAR)
2024-11-23 10:50:08,248 - [generated in 0.00034s] ('role_manager', 'role_staff')
2024-11-23 10:50:08,249 - COMMIT
2024-11-23 10:50:27,390 - BEGIN (implicit)
2024-11-23 10:50:27,392 - SELECT users.id, users.username, users.password, users.role_id, roles.id AS id_1, roles.name 
FROM users JOIN roles ON users.role_id = roles.id 
WHERE users.username = $1::VARCHAR
2024-11-23 10:50:27,392 - [generated in 0.00021s] ('chu',)
2024-11-23 10:50:27,510 - ROLLBACK
2024-11-23 10:55:01,289 - select pg_catalog.version()
2024-11-23 10:55:01,289 - [raw sql] ()
2024-11-23 10:55:01,291 - select current_schema()
2024-11-23 10:55:01,291 - [raw sql] ()
2024-11-23 10:55:01,292 - show standard_conforming_strings
2024-11-23 10:55:01,292 - [raw sql] ()
2024-11-23 10:55:01,293 - BEGIN (implicit)
2024-11-23 10:55:01,297 - SELECT pg_catalog.pg_class.relname 
FROM pg_catalog.pg_class JOIN pg_catalog.pg_namespace ON pg_catalog.pg_namespace.oid = pg_catalog.pg_class.relnamespace 
WHERE pg_catalog.pg_class.relname = $1::VARCHAR AND pg_catalog.pg_class.relkind = ANY (ARRAY[$2::VARCHAR, $3::VARCHAR, $4::VARCHAR, $5::VARCHAR, $6::VARCHAR]) AND pg_catalog.pg_table_is_visible(pg_catalog.pg_class.oid) AND pg_catalog.pg_namespace.nspname != $7::VARCHAR
2024-11-23 10:55:01,297 - [generated in 0.00027s] ('roles', 'r', 'p', 'f', 'v', 'm', 'pg_catalog')
2024-11-23 10:55:01,299 - SELECT pg_catalog.pg_class.relname 
FROM pg_catalog.pg_class JOIN pg_catalog.pg_namespace ON pg_catalog.pg_namespace.oid = pg_catalog.pg_class.relnamespace 
WHERE pg_catalog.pg_class.relname = $1::VARCHAR AND pg_catalog.pg_class.relkind = ANY (ARRAY[$2::VARCHAR, $3::VARCHAR, $4::VARCHAR, $5::VARCHAR, $6::VARCHAR]) AND pg_catalog.pg_table_is_visible(pg_catalog.pg_class.oid) AND pg_catalog.pg_namespace.nspname != $7::VARCHAR
2024-11-23 10:55:01,299 - [cached since 0.002723s ago] ('users', 'r', 'p', 'f', 'v', 'm', 'pg_catalog')
2024-11-23 10:55:01,305 - SELECT roles.id, roles.name 
FROM roles 
WHERE roles.name IN ($1::VARCHAR, $2::VARCHAR)
2024-11-23 10:55:01,305 - [generated in 0.00028s] ('role_manager', 'role_staff')
2024-11-23 10:55:01,306 - COMMIT
2024-11-23 10:55:13,685 - BEGIN (implicit)
2024-11-23 10:55:13,687 - SELECT users.id, users.username, users.password, users.role_id, roles.id AS id_1, roles.name 
FROM users JOIN roles ON users.role_id = roles.id 
WHERE users.username = $1::VARCHAR
2024-11-23 10:55:13,687 - [generated in 0.00031s] ('chu',)
2024-11-23 10:55:13,807 - ROLLBACK
2024-11-23 10:55:39,524 - BEGIN (implicit)
2024-11-23 10:55:39,525 - SELECT users.id, users.username, users.password, users.role_id, roles.id AS id_1, roles.name 
FROM users JOIN roles ON users.role_id = roles.id 
WHERE users.username = $1::VARCHAR
2024-11-23 10:55:39,526 - [cached since 25.84s ago] ('chu',)
2024-11-23 10:55:39,648 - ROLLBACK
2024-11-23 10:56:23,977 - BEGIN (implicit)
2024-11-23 10:56:23,977 - SELECT users.id, users.username, users.password, users.role_id, roles.id AS id_1, roles.name 
FROM users JOIN roles ON users.role_id = roles.id 
WHERE users.username = $1::VARCHAR
2024-11-23 10:56:23,977 - [cached since 70.29s ago] ('chudoan',)
2024-11-23 10:56:24,099 - ROLLBACK
2024-11-23 10:59:11,755 - select pg_catalog.version()
2024-11-23 10:59:11,755 - [raw sql] ()
2024-11-23 10:59:11,756 - select current_schema()
2024-11-23 10:59:11,756 - [raw sql] ()
2024-11-23 10:59:11,757 - show standard_conforming_strings
2024-11-23 10:59:11,758 - [raw sql] ()
2024-11-23 10:59:11,758 - BEGIN (implicit)
2024-11-23 10:59:11,763 - SELECT pg_catalog.pg_class.relname 
FROM pg_catalog.pg_class JOIN pg_catalog.pg_namespace ON pg_catalog.pg_namespace.oid = pg_catalog.pg_class.relnamespace 
WHERE pg_catalog.pg_class.relname = $1::VARCHAR AND pg_catalog.pg_class.relkind = ANY (ARRAY[$2::VARCHAR, $3::VARCHAR, $4::VARCHAR, $5::VARCHAR, $6::VARCHAR]) AND pg_catalog.pg_table_is_visible(pg_catalog.pg_class.oid) AND pg_catalog.pg_namespace.nspname != $7::VARCHAR
2024-11-23 10:59:11,763 - [generated in 0.00028s] ('roles', 'r', 'p', 'f', 'v', 'm', 'pg_catalog')
2024-11-23 10:59:11,765 - SELECT pg_catalog.pg_class.relname 
FROM pg_catalog.pg_class JOIN pg_catalog.pg_namespace ON pg_catalog.pg_namespace.oid = pg_catalog.pg_class.relnamespace 
WHERE pg_catalog.pg_class.relname = $1::VARCHAR AND pg_catalog.pg_class.relkind = ANY (ARRAY[$2::VARCHAR, $3::VARCHAR, $4::VARCHAR, $5::VARCHAR, $6::VARCHAR]) AND pg_catalog.pg_table_is_visible(pg_catalog.pg_class.oid) AND pg_catalog.pg_namespace.nspname != $7::VARCHAR
2024-11-23 10:59:11,765 - [cached since 0.002642s ago] ('users', 'r', 'p', 'f', 'v', 'm', 'pg_catalog')
2024-11-23 10:59:11,771 - SELECT roles.id, roles.name 
FROM roles 
WHERE roles.name IN ($1::VARCHAR, $2::VARCHAR)
2024-11-23 10:59:11,771 - [generated in 0.00029s] ('role_manager', 'role_staff')
2024-11-23 10:59:11,772 - COMMIT
2024-11-23 10:59:26,342 - BEGIN (implicit)
2024-11-23 10:59:26,343 - SELECT users.id, users.username, users.password, users.role_id, roles.id AS id_1, roles.name 
FROM users JOIN roles ON users.role_id = roles.id 
WHERE users.username = $1::VARCHAR
2024-11-23 10:59:26,344 - [generated in 0.00024s] ('chu',)
2024-11-23 10:59:26,462 - ROLLBACK
2024-11-23 11:06:07,102 - select pg_catalog.version()
2024-11-23 11:06:07,102 - [raw sql] ()
2024-11-23 11:06:07,104 - select current_schema()
2024-11-23 11:06:07,104 - [raw sql] ()
2024-11-23 11:06:07,105 - show standard_conforming_strings
2024-11-23 11:06:07,105 - [raw sql] ()
2024-11-23 11:06:07,106 - BEGIN (implicit)
2024-11-23 11:06:07,110 - SELECT pg_catalog.pg_class.relname 
FROM pg_catalog.pg_class JOIN pg_catalog.pg_namespace ON pg_catalog.pg_namespace.oid = pg_catalog.pg_class.relnamespace 
WHERE pg_catalog.pg_class.relname = $1::VARCHAR AND pg_catalog.pg_class.relkind = ANY (ARRAY[$2::VARCHAR, $3::VARCHAR, $4::VARCHAR, $5::VARCHAR, $6::VARCHAR]) AND pg_catalog.pg_table_is_visible(pg_catalog.pg_class.oid) AND pg_catalog.pg_namespace.nspname != $7::VARCHAR
2024-11-23 11:06:07,110 - [generated in 0.00030s] ('roles', 'r', 'p', 'f', 'v', 'm', 'pg_catalog')
2024-11-23 11:06:07,112 - SELECT pg_catalog.pg_class.relname 
FROM pg_catalog.pg_class JOIN pg_catalog.pg_namespace ON pg_catalog.pg_namespace.oid = pg_catalog.pg_class.relnamespace 
WHERE pg_catalog.pg_class.relname = $1::VARCHAR AND pg_catalog.pg_class.relkind = ANY (ARRAY[$2::VARCHAR, $3::VARCHAR, $4::VARCHAR, $5::VARCHAR, $6::VARCHAR]) AND pg_catalog.pg_table_is_visible(pg_catalog.pg_class.oid) AND pg_catalog.pg_namespace.nspname != $7::VARCHAR
2024-11-23 11:06:07,112 - [cached since 0.002625s ago] ('users', 'r', 'p', 'f', 'v', 'm', 'pg_catalog')
2024-11-23 11:06:07,118 - SELECT roles.id, roles.name 
FROM roles 
WHERE roles.name IN ($1::VARCHAR, $2::VARCHAR)
2024-11-23 11:06:07,118 - [generated in 0.00027s] ('role_manager', 'role_staff')
2024-11-23 11:06:07,120 - COMMIT
2024-11-23 11:06:22,517 - BEGIN (implicit)
2024-11-23 11:06:22,519 - SELECT users.id, users.username, users.password, users.role_id, roles.id AS id_1, roles.name 
FROM users JOIN roles ON users.role_id = roles.id 
WHERE users.username = $1::VARCHAR
2024-11-23 11:06:22,519 - [generated in 0.00032s] ('chu',)
2024-11-23 11:06:22,637 - ROLLBACK
2024-11-23 11:11:04,658 - select pg_catalog.version()
2024-11-23 11:11:04,659 - [raw sql] ()
2024-11-23 11:11:04,660 - select current_schema()
2024-11-23 11:11:04,660 - [raw sql] ()
2024-11-23 11:11:04,661 - show standard_conforming_strings
2024-11-23 11:11:04,661 - [raw sql] ()
2024-11-23 11:11:04,662 - BEGIN (implicit)
2024-11-23 11:11:04,666 - SELECT pg_catalog.pg_class.relname 
FROM pg_catalog.pg_class JOIN pg_catalog.pg_namespace ON pg_catalog.pg_namespace.oid = pg_catalog.pg_class.relnamespace 
WHERE pg_catalog.pg_class.relname = $1::VARCHAR AND pg_catalog.pg_class.relkind = ANY (ARRAY[$2::VARCHAR, $3::VARCHAR, $4::VARCHAR, $5::VARCHAR, $6::VARCHAR]) AND pg_catalog.pg_table_is_visible(pg_catalog.pg_class.oid) AND pg_catalog.pg_namespace.nspname != $7::VARCHAR
2024-11-23 11:11:04,666 - [generated in 0.00030s] ('roles', 'r', 'p', 'f', 'v', 'm', 'pg_catalog')
2024-11-23 11:11:04,669 - SELECT pg_catalog.pg_class.relname 
FROM pg_catalog.pg_class JOIN pg_catalog.pg_namespace ON pg_catalog.pg_namespace.oid = pg_catalog.pg_class.relnamespace 
WHERE pg_catalog.pg_class.relname = $1::VARCHAR AND pg_catalog.pg_class.relkind = ANY (ARRAY[$2::VARCHAR, $3::VARCHAR, $4::VARCHAR, $5::VARCHAR, $6::VARCHAR]) AND pg_catalog.pg_table_is_visible(pg_catalog.pg_class.oid) AND pg_catalog.pg_namespace.nspname != $7::VARCHAR
2024-11-23 11:11:04,669 - [cached since 0.002668s ago] ('users', 'r', 'p', 'f', 'v', 'm', 'pg_catalog')
2024-11-23 11:11:04,674 - SELECT roles.id, roles.name 
FROM roles 
WHERE roles.name IN ($1::VARCHAR, $2::VARCHAR)
2024-11-23 11:11:04,674 - [generated in 0.00028s] ('role_manager', 'role_staff')
2024-11-23 11:11:04,676 - COMMIT
2024-11-23 11:11:16,744 - BEGIN (implicit)
2024-11-23 11:11:16,747 - SELECT users.id, users.username, users.password, users.role_id, roles.id AS id_1, roles.name 
FROM users JOIN roles ON users.role_id = roles.id 
WHERE users.username = $1::VARCHAR
2024-11-23 11:11:16,747 - [generated in 0.00034s] ('chu',)
2024-11-23 11:11:16,869 - ROLLBACK
2024-11-23 11:11:41,979 - BEGIN (implicit)
2024-11-23 11:11:41,979 - SELECT users.id, users.username, users.password, users.role_id, roles.id AS id_1, roles.name 
FROM users JOIN roles ON users.role_id = roles.id 
WHERE users.username = $1::VARCHAR
2024-11-23 11:11:41,979 - [cached since 25.23s ago] ('chu',)
2024-11-23 11:11:42,115 - ROLLBACK
2024-11-23 11:14:53,771 - select pg_catalog.version()
2024-11-23 11:14:53,772 - [raw sql] ()
2024-11-23 11:14:53,776 - select current_schema()
2024-11-23 11:14:53,777 - [raw sql] ()
2024-11-23 11:14:53,781 - show standard_conforming_strings
2024-11-23 11:14:53,781 - [raw sql] ()
2024-11-23 11:14:53,783 - BEGIN (implicit)
2024-11-23 11:14:53,791 - SELECT pg_catalog.pg_class.relname 
FROM pg_catalog.pg_class JOIN pg_catalog.pg_namespace ON pg_catalog.pg_namespace.oid = pg_catalog.pg_class.relnamespace 
WHERE pg_catalog.pg_class.relname = $1::VARCHAR AND pg_catalog.pg_class.relkind = ANY (ARRAY[$2::VARCHAR, $3::VARCHAR, $4::VARCHAR, $5::VARCHAR, $6::VARCHAR]) AND pg_catalog.pg_table_is_visible(pg_catalog.pg_class.oid) AND pg_catalog.pg_namespace.nspname != $7::VARCHAR
2024-11-23 11:14:53,795 - [generated in 0.00391s] ('roles', 'r', 'p', 'f', 'v', 'm', 'pg_catalog')
2024-11-23 11:14:53,800 - SELECT pg_catalog.pg_class.relname 
FROM pg_catalog.pg_class JOIN pg_catalog.pg_namespace ON pg_catalog.pg_namespace.oid = pg_catalog.pg_class.relnamespace 
WHERE pg_catalog.pg_class.relname = $1::VARCHAR AND pg_catalog.pg_class.relkind = ANY (ARRAY[$2::VARCHAR, $3::VARCHAR, $4::VARCHAR, $5::VARCHAR, $6::VARCHAR]) AND pg_catalog.pg_table_is_visible(pg_catalog.pg_class.oid) AND pg_catalog.pg_namespace.nspname != $7::VARCHAR
2024-11-23 11:14:53,800 - [cached since 0.009235s ago] ('users', 'r', 'p', 'f', 'v', 'm', 'pg_catalog')
2024-11-23 11:14:53,810 - SELECT roles.id, roles.name 
FROM roles 
WHERE roles.name IN ($1::VARCHAR, $2::VARCHAR)
2024-11-23 11:14:53,810 - [generated in 0.00048s] ('role_manager', 'role_staff')
2024-11-23 11:14:53,812 - COMMIT
2024-11-23 11:27:31,641 - select pg_catalog.version()
2024-11-23 11:27:31,641 - [raw sql] ()
2024-11-23 11:27:31,642 - select current_schema()
2024-11-23 11:27:31,642 - [raw sql] ()
2024-11-23 11:27:31,643 - show standard_conforming_strings
2024-11-23 11:27:31,643 - [raw sql] ()
2024-11-23 11:27:31,644 - BEGIN (implicit)
2024-11-23 11:27:31,648 - SELECT pg_catalog.pg_class.relname 
FROM pg_catalog.pg_class JOIN pg_catalog.pg_namespace ON pg_catalog.pg_namespace.oid = pg_catalog.pg_class.relnamespace 
WHERE pg_catalog.pg_class.relname = $1::VARCHAR AND pg_catalog.pg_class.relkind = ANY (ARRAY[$2::VARCHAR, $3::VARCHAR, $4::VARCHAR, $5::VARCHAR, $6::VARCHAR]) AND pg_catalog.pg_table_is_visible(pg_catalog.pg_class.oid) AND pg_catalog.pg_namespace.nspname != $7::VARCHAR
2024-11-23 11:27:31,648 - [generated in 0.00029s] ('roles', 'r', 'p', 'f', 'v', 'm', 'pg_catalog')
2024-11-23 11:27:31,651 - SELECT pg_catalog.pg_class.relname 
FROM pg_catalog.pg_class JOIN pg_catalog.pg_namespace ON pg_catalog.pg_namespace.oid = pg_catalog.pg_class.relnamespace 
WHERE pg_catalog.pg_class.relname = $1::VARCHAR AND pg_catalog.pg_class.relkind = ANY (ARRAY[$2::VARCHAR, $3::VARCHAR, $4::VARCHAR, $5::VARCHAR, $6::VARCHAR]) AND pg_catalog.pg_table_is_visible(pg_catalog.pg_class.oid) AND pg_catalog.pg_namespace.nspname != $7::VARCHAR
2024-11-23 11:27:31,651 - [cached since 0.002817s ago] ('users', 'r', 'p', 'f', 'v', 'm', 'pg_catalog')
2024-11-23 11:27:31,657 - SELECT roles.id, roles.name 
FROM roles 
WHERE roles.name IN ($1::VARCHAR, $2::VARCHAR)
2024-11-23 11:27:31,657 - [generated in 0.00029s] ('role_manager', 'role_staff')
2024-11-23 11:27:31,659 - COMMIT
2024-11-23 11:27:43,628 - BEGIN (implicit)
2024-11-23 11:27:43,632 - SELECT users.id, users.username, users.password, users.role_id, roles.id AS id_1, roles.name 
FROM users JOIN roles ON users.role_id = roles.id 
WHERE users.username = $1::VARCHAR
2024-11-23 11:27:43,632 - [generated in 0.00035s] ('chu',)
2024-11-23 11:27:43,745 - ROLLBACK
2024-11-23 11:29:25,022 - select pg_catalog.version()
2024-11-23 11:29:25,022 - [raw sql] ()
2024-11-23 11:29:25,023 - select current_schema()
2024-11-23 11:29:25,024 - [raw sql] ()
2024-11-23 11:29:25,024 - show standard_conforming_strings
2024-11-23 11:29:25,025 - [raw sql] ()
2024-11-23 11:29:25,025 - BEGIN (implicit)
2024-11-23 11:29:25,029 - SELECT pg_catalog.pg_class.relname 
FROM pg_catalog.pg_class JOIN pg_catalog.pg_namespace ON pg_catalog.pg_namespace.oid = pg_catalog.pg_class.relnamespace 
WHERE pg_catalog.pg_class.relname = $1::VARCHAR AND pg_catalog.pg_class.relkind = ANY (ARRAY[$2::VARCHAR, $3::VARCHAR, $4::VARCHAR, $5::VARCHAR, $6::VARCHAR]) AND pg_catalog.pg_table_is_visible(pg_catalog.pg_class.oid) AND pg_catalog.pg_namespace.nspname != $7::VARCHAR
2024-11-23 11:29:25,029 - [generated in 0.00027s] ('roles', 'r', 'p', 'f', 'v', 'm', 'pg_catalog')
2024-11-23 11:29:25,032 - SELECT pg_catalog.pg_class.relname 
FROM pg_catalog.pg_class JOIN pg_catalog.pg_namespace ON pg_catalog.pg_namespace.oid = pg_catalog.pg_class.relnamespace 
WHERE pg_catalog.pg_class.relname = $1::VARCHAR AND pg_catalog.pg_class.relkind = ANY (ARRAY[$2::VARCHAR, $3::VARCHAR, $4::VARCHAR, $5::VARCHAR, $6::VARCHAR]) AND pg_catalog.pg_table_is_visible(pg_catalog.pg_class.oid) AND pg_catalog.pg_namespace.nspname != $7::VARCHAR
2024-11-23 11:29:25,032 - [cached since 0.003004s ago] ('users', 'r', 'p', 'f', 'v', 'm', 'pg_catalog')
2024-11-23 11:29:25,038 - SELECT roles.id, roles.name 
FROM roles 
WHERE roles.name IN ($1::VARCHAR, $2::VARCHAR)
2024-11-23 11:29:25,039 - [generated in 0.00033s] ('role_manager', 'role_staff')
2024-11-23 11:29:25,040 - COMMIT
2024-11-23 11:29:40,063 - BEGIN (implicit)
2024-11-23 11:29:40,066 - SELECT users.id, users.username, users.password, users.role_id, roles.id AS id_1, roles.name 
FROM users JOIN roles ON users.role_id = roles.id 
WHERE users.username = $1::VARCHAR
2024-11-23 11:29:40,067 - [generated in 0.00049s] ('chu',)
2024-11-23 11:29:40,178 - ROLLBACK
2024-11-23 11:33:36,936 - select pg_catalog.version()
2024-11-23 11:33:36,936 - [raw sql] ()
2024-11-23 11:33:36,938 - select current_schema()
2024-11-23 11:33:36,938 - [raw sql] ()
2024-11-23 11:33:36,939 - show standard_conforming_strings
2024-11-23 11:33:36,939 - [raw sql] ()
2024-11-23 11:33:36,940 - BEGIN (implicit)
2024-11-23 11:33:36,944 - SELECT pg_catalog.pg_class.relname 
FROM pg_catalog.pg_class JOIN pg_catalog.pg_namespace ON pg_catalog.pg_namespace.oid = pg_catalog.pg_class.relnamespace 
WHERE pg_catalog.pg_class.relname = $1::VARCHAR AND pg_catalog.pg_class.relkind = ANY (ARRAY[$2::VARCHAR, $3::VARCHAR, $4::VARCHAR, $5::VARCHAR, $6::VARCHAR]) AND pg_catalog.pg_table_is_visible(pg_catalog.pg_class.oid) AND pg_catalog.pg_namespace.nspname != $7::VARCHAR
2024-11-23 11:33:36,944 - [generated in 0.00034s] ('roles', 'r', 'p', 'f', 'v', 'm', 'pg_catalog')
2024-11-23 11:33:36,947 - SELECT pg_catalog.pg_class.relname 
FROM pg_catalog.pg_class JOIN pg_catalog.pg_namespace ON pg_catalog.pg_namespace.oid = pg_catalog.pg_class.relnamespace 
WHERE pg_catalog.pg_class.relname = $1::VARCHAR AND pg_catalog.pg_class.relkind = ANY (ARRAY[$2::VARCHAR, $3::VARCHAR, $4::VARCHAR, $5::VARCHAR, $6::VARCHAR]) AND pg_catalog.pg_table_is_visible(pg_catalog.pg_class.oid) AND pg_catalog.pg_namespace.nspname != $7::VARCHAR
2024-11-23 11:33:36,947 - [cached since 0.002663s ago] ('users', 'r', 'p', 'f', 'v', 'm', 'pg_catalog')
2024-11-23 11:33:36,954 - SELECT roles.id, roles.name 
FROM roles 
WHERE roles.name IN ($1::VARCHAR, $2::VARCHAR)
2024-11-23 11:33:36,954 - [generated in 0.00036s] ('role_manager', 'role_staff')
2024-11-23 11:33:36,955 - COMMIT
2024-11-23 11:33:48,374 - BEGIN (implicit)
2024-11-23 11:33:48,378 - SELECT users.id, users.username, users.password, users.role_id, roles.id AS id_1, roles.name 
FROM users JOIN roles ON users.role_id = roles.id 
WHERE users.username = $1::VARCHAR
2024-11-23 11:33:48,379 - [generated in 0.00059s] ('chu',)
2024-11-23 11:33:48,500 - ROLLBACK
2024-11-23 11:33:52,157 - [ROLE_MANAGER] chu executed query: SELECT * FROM Orders;
2024-11-23 11:33:52,157 - BEGIN (implicit)
2024-11-23 11:33:52,158 - SELECT * FROM Orders;
2024-11-23 11:33:52,159 - [generated in 0.00040s] ()
2024-11-23 11:33:52,162 - Query executed in 0.0046 seconds
2024-11-23 11:33:52,163 - ROLLBACK
2024-11-23 11:34:25,150 - [ROLE_MANAGER] chu executed query: SELECT * FROM Products;
2024-11-23 11:34:25,150 - BEGIN (implicit)
2024-11-23 11:34:25,151 - SELECT * FROM Products;
2024-11-23 11:34:25,151 - [generated in 0.00029s] ()
2024-11-23 11:34:25,159 - Query executed in 0.0095 seconds
2024-11-23 11:34:25,160 - ROLLBACK
2024-11-23 11:34:27,893 - [ROLE_MANAGER] chu executed query: SELECT * FROM Products;
2024-11-23 11:34:27,894 - BEGIN (implicit)
2024-11-23 11:34:27,895 - SELECT * FROM Products;
2024-11-23 11:34:27,895 - [cached since 2.745s ago] ()
2024-11-23 11:34:27,897 - Query executed in 0.0041 seconds
2024-11-23 11:34:27,898 - ROLLBACK
2024-11-23 11:34:41,487 - [ROLE_MANAGER] chu executed query: SELECT * FROM Products;
2024-11-23 11:34:41,487 - BEGIN (implicit)
2024-11-23 11:34:41,488 - SELECT * FROM Products;
2024-11-23 11:34:41,488 - [cached since 16.34s ago] ()
2024-11-23 11:34:41,489 - Query executed in 0.0018 seconds
2024-11-23 11:34:41,490 - ROLLBACK
2024-11-23 11:34:42,281 - [ROLE_MANAGER] chu executed query: SELECT * FROM Products;
2024-11-23 11:34:42,282 - BEGIN (implicit)
2024-11-23 11:34:42,282 - SELECT * FROM Products;
2024-11-23 11:34:42,282 - [cached since 17.13s ago] ()
2024-11-23 11:34:42,283 - Query executed in 0.0013 seconds
2024-11-23 11:34:42,283 - ROLLBACK
2024-11-23 11:34:45,871 - [ROLE_MANAGER] chu executed query: SELECT * FROM Customers;
2024-11-23 11:34:45,872 - BEGIN (implicit)
2024-11-23 11:34:45,873 - SELECT * FROM Customers;
2024-11-23 11:34:45,873 - [generated in 0.00051s] ()
2024-11-23 11:34:45,884 - Query executed in 0.0123 seconds
2024-11-23 11:34:45,885 - ROLLBACK
2024-11-23 11:35:17,945 - BEGIN (implicit)
2024-11-23 11:35:17,945 - SELECT users.id, users.username, users.password, users.role_id, roles.id AS id_1, roles.name 
FROM users JOIN roles ON users.role_id = roles.id 
WHERE users.username = $1::VARCHAR
2024-11-23 11:35:17,945 - [cached since 89.57s ago] ('chudoan',)
2024-11-23 11:35:18,055 - ROLLBACK
2024-11-23 11:35:27,938 - [ROLE_STAFF] chudoan executed query: SELECT * FROM sales_employee_view;
2024-11-23 11:35:27,939 - BEGIN (implicit)
2024-11-23 11:35:27,940 - SELECT * FROM sales_employee_view;
2024-11-23 11:35:27,940 - [generated in 0.00029s] ()
2024-11-23 11:35:27,944 - Query executed in 0.0050 seconds
2024-11-23 11:35:27,945 - ROLLBACK
2024-11-23 11:35:32,487 - [ROLE_STAFF] chudoan executed query: SELECT * FROM customer_view;
2024-11-23 11:35:32,488 - BEGIN (implicit)
2024-11-23 11:35:32,490 - SELECT * FROM customer_view;
2024-11-23 11:35:32,490 - [generated in 0.00075s] ()
2024-11-23 11:35:32,499 - Query executed in 0.0115 seconds
2024-11-23 11:35:32,501 - ROLLBACK
2024-11-23 11:35:46,917 - BEGIN (implicit)
2024-11-23 11:35:46,918 - SELECT users.id, users.username, users.password, users.role_id, roles.id AS id_1, roles.name 
FROM users JOIN roles ON users.role_id = roles.id 
WHERE users.username = $1::VARCHAR
2024-11-23 11:35:46,918 - [cached since 118.5s ago] ('chu',)
2024-11-23 11:35:47,025 - ROLLBACK
2024-11-23 11:35:52,657 - [ROLE_MANAGER] chu executed query: SELECT * FROM Customers;
2024-11-23 11:35:52,658 - BEGIN (implicit)
2024-11-23 11:35:52,659 - SELECT * FROM Customers;
2024-11-23 11:35:52,659 - [cached since 66.79s ago] ()
2024-11-23 11:35:52,662 - Query executed in 0.0043 seconds
2024-11-23 11:35:52,662 - ROLLBACK
2024-11-23 11:36:01,451 - [ROLE_MANAGER] chu executed query: SELECT * FROM Products;
2024-11-23 11:36:01,452 - BEGIN (implicit)
2024-11-23 11:36:01,453 - SELECT * FROM Products;
2024-11-23 11:36:01,453 - [cached since 96.3s ago] ()
2024-11-23 11:36:01,456 - Query executed in 0.0044 seconds
2024-11-23 11:36:01,457 - ROLLBACK
2024-11-23 11:38:22,295 - select pg_catalog.version()
2024-11-23 11:38:22,295 - [raw sql] ()
2024-11-23 11:38:22,296 - select current_schema()
2024-11-23 11:38:22,296 - [raw sql] ()
2024-11-23 11:38:22,297 - show standard_conforming_strings
2024-11-23 11:38:22,297 - [raw sql] ()
2024-11-23 11:38:22,298 - BEGIN (implicit)
2024-11-23 11:38:22,301 - SELECT pg_catalog.pg_class.relname 
FROM pg_catalog.pg_class JOIN pg_catalog.pg_namespace ON pg_catalog.pg_namespace.oid = pg_catalog.pg_class.relnamespace 
WHERE pg_catalog.pg_class.relname = $1::VARCHAR AND pg_catalog.pg_class.relkind = ANY (ARRAY[$2::VARCHAR, $3::VARCHAR, $4::VARCHAR, $5::VARCHAR, $6::VARCHAR]) AND pg_catalog.pg_table_is_visible(pg_catalog.pg_class.oid) AND pg_catalog.pg_namespace.nspname != $7::VARCHAR
2024-11-23 11:38:22,302 - [generated in 0.00027s] ('roles', 'r', 'p', 'f', 'v', 'm', 'pg_catalog')
2024-11-23 11:38:22,304 - SELECT pg_catalog.pg_class.relname 
FROM pg_catalog.pg_class JOIN pg_catalog.pg_namespace ON pg_catalog.pg_namespace.oid = pg_catalog.pg_class.relnamespace 
WHERE pg_catalog.pg_class.relname = $1::VARCHAR AND pg_catalog.pg_class.relkind = ANY (ARRAY[$2::VARCHAR, $3::VARCHAR, $4::VARCHAR, $5::VARCHAR, $6::VARCHAR]) AND pg_catalog.pg_table_is_visible(pg_catalog.pg_class.oid) AND pg_catalog.pg_namespace.nspname != $7::VARCHAR
2024-11-23 11:38:22,304 - [cached since 0.00245s ago] ('users', 'r', 'p', 'f', 'v', 'm', 'pg_catalog')
2024-11-23 11:38:22,309 - SELECT roles.id, roles.name 
FROM roles 
WHERE roles.name IN ($1::VARCHAR, $2::VARCHAR)
2024-11-23 11:38:22,309 - [generated in 0.00028s] ('role_manager', 'role_staff')
2024-11-23 11:38:22,311 - COMMIT
2024-11-23 11:38:33,694 - BEGIN (implicit)
2024-11-23 11:38:33,697 - SELECT users.id, users.username, users.password, users.role_id, roles.id AS id_1, roles.name 
FROM users JOIN roles ON users.role_id = roles.id 
WHERE users.username = $1::VARCHAR
2024-11-23 11:38:33,697 - [generated in 0.00036s] ('chu',)
2024-11-23 11:38:33,808 - ROLLBACK
2024-11-23 11:38:36,246 - [ROLE_MANAGER] chu executed query: SELECT * FROM Products;
2024-11-23 11:38:36,248 - BEGIN (implicit)
2024-11-23 11:38:36,249 - SELECT * FROM Products;
2024-11-23 11:38:36,250 - [generated in 0.00093s] ()
2024-11-23 11:38:36,255 - Query executed in 0.0083 seconds
2024-11-23 11:38:36,257 - ROLLBACK
2024-11-23 11:38:47,065 - select pg_catalog.version()
2024-11-23 11:38:47,065 - [raw sql] ()
2024-11-23 11:38:47,066 - select current_schema()
2024-11-23 11:38:47,066 - [raw sql] ()
2024-11-23 11:38:47,068 - show standard_conforming_strings
2024-11-23 11:38:47,068 - [raw sql] ()
2024-11-23 11:38:47,069 - BEGIN (implicit)
2024-11-23 11:38:47,072 - SELECT pg_catalog.pg_class.relname 
FROM pg_catalog.pg_class JOIN pg_catalog.pg_namespace ON pg_catalog.pg_namespace.oid = pg_catalog.pg_class.relnamespace 
WHERE pg_catalog.pg_class.relname = $1::VARCHAR AND pg_catalog.pg_class.relkind = ANY (ARRAY[$2::VARCHAR, $3::VARCHAR, $4::VARCHAR, $5::VARCHAR, $6::VARCHAR]) AND pg_catalog.pg_table_is_visible(pg_catalog.pg_class.oid) AND pg_catalog.pg_namespace.nspname != $7::VARCHAR
2024-11-23 11:38:47,073 - [generated in 0.00029s] ('roles', 'r', 'p', 'f', 'v', 'm', 'pg_catalog')
2024-11-23 11:38:47,075 - SELECT pg_catalog.pg_class.relname 
FROM pg_catalog.pg_class JOIN pg_catalog.pg_namespace ON pg_catalog.pg_namespace.oid = pg_catalog.pg_class.relnamespace 
WHERE pg_catalog.pg_class.relname = $1::VARCHAR AND pg_catalog.pg_class.relkind = ANY (ARRAY[$2::VARCHAR, $3::VARCHAR, $4::VARCHAR, $5::VARCHAR, $6::VARCHAR]) AND pg_catalog.pg_table_is_visible(pg_catalog.pg_class.oid) AND pg_catalog.pg_namespace.nspname != $7::VARCHAR
2024-11-23 11:38:47,075 - [cached since 0.002618s ago] ('users', 'r', 'p', 'f', 'v', 'm', 'pg_catalog')
2024-11-23 11:38:47,080 - SELECT roles.id, roles.name 
FROM roles 
WHERE roles.name IN ($1::VARCHAR, $2::VARCHAR)
2024-11-23 11:38:47,080 - [generated in 0.00027s] ('role_manager', 'role_staff')
2024-11-23 11:38:47,082 - COMMIT
2024-11-23 11:38:58,119 - BEGIN (implicit)
2024-11-23 11:38:58,120 - SELECT users.id, users.username, users.password, users.role_id, roles.id AS id_1, roles.name 
FROM users JOIN roles ON users.role_id = roles.id 
WHERE users.username = $1::VARCHAR
2024-11-23 11:38:58,120 - [generated in 0.00022s] ('chu',)
2024-11-23 11:38:58,229 - ROLLBACK
2024-11-23 11:39:00,615 - [ROLE_MANAGER] chu executed query: SELECT * FROM Orders;
2024-11-23 11:39:00,615 - BEGIN (implicit)
2024-11-23 11:39:00,617 - SELECT * FROM Orders;
2024-11-23 11:39:00,617 - [generated in 0.00040s] ()
2024-11-23 11:39:00,620 - Query executed in 0.0048 seconds
2024-11-23 11:39:00,621 - ROLLBACK
2024-11-23 11:39:03,738 - [ROLE_MANAGER] chu executed query: SELECT * FROM Products;
2024-11-23 11:39:03,739 - BEGIN (implicit)
2024-11-23 11:39:03,740 - SELECT * FROM Products;
2024-11-23 11:39:03,740 - [generated in 0.00048s] ()
2024-11-23 11:39:03,744 - Query executed in 0.0054 seconds
2024-11-23 11:39:03,745 - ROLLBACK
2024-11-23 11:39:14,990 - [ROLE_MANAGER] chu executed query: SELECT * FROM Customers;
2024-11-23 11:39:14,991 - BEGIN (implicit)
2024-11-23 11:39:14,993 - SELECT * FROM Customers;
2024-11-23 11:39:14,993 - [generated in 0.00088s] ()
2024-11-23 11:39:14,997 - Query executed in 0.0058 seconds
2024-11-23 11:39:14,998 - ROLLBACK
2024-11-23 14:41:00,037 - select pg_catalog.version()
2024-11-23 14:41:00,037 - [raw sql] ()
2024-11-23 14:41:00,039 - select current_schema()
2024-11-23 14:41:00,039 - [raw sql] ()
2024-11-23 14:41:00,040 - show standard_conforming_strings
2024-11-23 14:41:00,040 - [raw sql] ()
2024-11-23 14:41:00,041 - BEGIN (implicit)
2024-11-23 14:41:00,045 - SELECT pg_catalog.pg_class.relname 
FROM pg_catalog.pg_class JOIN pg_catalog.pg_namespace ON pg_catalog.pg_namespace.oid = pg_catalog.pg_class.relnamespace 
WHERE pg_catalog.pg_class.relname = $1::VARCHAR AND pg_catalog.pg_class.relkind = ANY (ARRAY[$2::VARCHAR, $3::VARCHAR, $4::VARCHAR, $5::VARCHAR, $6::VARCHAR]) AND pg_catalog.pg_table_is_visible(pg_catalog.pg_class.oid) AND pg_catalog.pg_namespace.nspname != $7::VARCHAR
2024-11-23 14:41:00,045 - [generated in 0.00028s] ('roles', 'r', 'p', 'f', 'v', 'm', 'pg_catalog')
2024-11-23 14:41:00,047 - SELECT pg_catalog.pg_class.relname 
FROM pg_catalog.pg_class JOIN pg_catalog.pg_namespace ON pg_catalog.pg_namespace.oid = pg_catalog.pg_class.relnamespace 
WHERE pg_catalog.pg_class.relname = $1::VARCHAR AND pg_catalog.pg_class.relkind = ANY (ARRAY[$2::VARCHAR, $3::VARCHAR, $4::VARCHAR, $5::VARCHAR, $6::VARCHAR]) AND pg_catalog.pg_table_is_visible(pg_catalog.pg_class.oid) AND pg_catalog.pg_namespace.nspname != $7::VARCHAR
2024-11-23 14:41:00,047 - [cached since 0.002733s ago] ('users', 'r', 'p', 'f', 'v', 'm', 'pg_catalog')
2024-11-23 14:41:00,053 - SELECT roles.id, roles.name 
FROM roles 
WHERE roles.name IN ($1::VARCHAR, $2::VARCHAR)
2024-11-23 14:41:00,053 - [generated in 0.00034s] ('role_manager', 'role_staff')
2024-11-23 14:41:00,055 - COMMIT
2024-11-23 14:41:12,231 - BEGIN (implicit)
2024-11-23 14:41:12,236 - SELECT users.id, users.username, users.password, users.role_id, roles.id AS id_1, roles.name 
FROM users JOIN roles ON users.role_id = roles.id 
WHERE users.username = $1::VARCHAR
2024-11-23 14:41:12,236 - [generated in 0.00053s] ('chu',)
2024-11-23 14:41:12,358 - ROLLBACK
2024-11-23 14:41:15,054 - [ROLE_MANAGER] chu executed query: SELECT * FROM Orders;
2024-11-23 14:41:15,054 - BEGIN (implicit)
2024-11-23 14:41:15,055 - SELECT * FROM Orders;
2024-11-23 14:41:15,055 - [generated in 0.00035s] ()
2024-11-23 14:41:15,058 - Query executed in 0.0039 seconds
2024-11-23 14:41:15,059 - ROLLBACK
2024-11-23 14:41:18,550 - [ROLE_MANAGER] chu executed query: SELECT * FROM Products;
2024-11-23 14:41:18,551 - BEGIN (implicit)
2024-11-23 14:41:18,551 - SELECT * FROM Products;
2024-11-23 14:41:18,552 - [generated in 0.00028s] ()
2024-11-23 14:41:18,553 - Error executing query: SELECT * FROM Products; - (sqlalchemy.dialects.postgresql.asyncpg.ProgrammingError) <class 'asyncpg.exceptions.UndefinedTableError'>: relation "products" does not exist
[SQL: SELECT * FROM Products;]
(Background on this error at: https://sqlalche.me/e/20/f405)
2024-11-23 14:41:18,554 - ROLLBACK
2024-11-23 14:42:34,772 - select pg_catalog.version()
2024-11-23 14:42:34,772 - [raw sql] ()
2024-11-23 14:42:34,773 - select current_schema()
2024-11-23 14:42:34,773 - [raw sql] ()
2024-11-23 14:42:34,774 - show standard_conforming_strings
2024-11-23 14:42:34,775 - [raw sql] ()
2024-11-23 14:42:34,775 - BEGIN (implicit)
2024-11-23 14:42:34,779 - SELECT pg_catalog.pg_class.relname 
FROM pg_catalog.pg_class JOIN pg_catalog.pg_namespace ON pg_catalog.pg_namespace.oid = pg_catalog.pg_class.relnamespace 
WHERE pg_catalog.pg_class.relname = $1::VARCHAR AND pg_catalog.pg_class.relkind = ANY (ARRAY[$2::VARCHAR, $3::VARCHAR, $4::VARCHAR, $5::VARCHAR, $6::VARCHAR]) AND pg_catalog.pg_table_is_visible(pg_catalog.pg_class.oid) AND pg_catalog.pg_namespace.nspname != $7::VARCHAR
2024-11-23 14:42:34,779 - [generated in 0.00029s] ('roles', 'r', 'p', 'f', 'v', 'm', 'pg_catalog')
2024-11-23 14:42:34,782 - SELECT pg_catalog.pg_class.relname 
FROM pg_catalog.pg_class JOIN pg_catalog.pg_namespace ON pg_catalog.pg_namespace.oid = pg_catalog.pg_class.relnamespace 
WHERE pg_catalog.pg_class.relname = $1::VARCHAR AND pg_catalog.pg_class.relkind = ANY (ARRAY[$2::VARCHAR, $3::VARCHAR, $4::VARCHAR, $5::VARCHAR, $6::VARCHAR]) AND pg_catalog.pg_table_is_visible(pg_catalog.pg_class.oid) AND pg_catalog.pg_namespace.nspname != $7::VARCHAR
2024-11-23 14:42:34,782 - [cached since 0.00282s ago] ('users', 'r', 'p', 'f', 'v', 'm', 'pg_catalog')
2024-11-23 14:42:34,787 - SELECT roles.id, roles.name 
FROM roles 
WHERE roles.name IN ($1::VARCHAR, $2::VARCHAR)
2024-11-23 14:42:34,787 - [generated in 0.00031s] ('role_manager', 'role_staff')
2024-11-23 14:42:34,789 - COMMIT
2024-11-23 14:43:05,175 - select pg_catalog.version()
2024-11-23 14:43:05,175 - [raw sql] ()
2024-11-23 14:43:05,177 - select current_schema()
2024-11-23 14:43:05,177 - [raw sql] ()
2024-11-23 14:43:05,179 - show standard_conforming_strings
2024-11-23 14:43:05,179 - [raw sql] ()
2024-11-23 14:43:05,180 - BEGIN (implicit)
2024-11-23 14:43:05,184 - SELECT pg_catalog.pg_class.relname 
FROM pg_catalog.pg_class JOIN pg_catalog.pg_namespace ON pg_catalog.pg_namespace.oid = pg_catalog.pg_class.relnamespace 
WHERE pg_catalog.pg_class.relname = $1::VARCHAR AND pg_catalog.pg_class.relkind = ANY (ARRAY[$2::VARCHAR, $3::VARCHAR, $4::VARCHAR, $5::VARCHAR, $6::VARCHAR]) AND pg_catalog.pg_table_is_visible(pg_catalog.pg_class.oid) AND pg_catalog.pg_namespace.nspname != $7::VARCHAR
2024-11-23 14:43:05,184 - [generated in 0.00027s] ('roles', 'r', 'p', 'f', 'v', 'm', 'pg_catalog')
2024-11-23 14:43:05,187 - SELECT pg_catalog.pg_class.relname 
FROM pg_catalog.pg_class JOIN pg_catalog.pg_namespace ON pg_catalog.pg_namespace.oid = pg_catalog.pg_class.relnamespace 
WHERE pg_catalog.pg_class.relname = $1::VARCHAR AND pg_catalog.pg_class.relkind = ANY (ARRAY[$2::VARCHAR, $3::VARCHAR, $4::VARCHAR, $5::VARCHAR, $6::VARCHAR]) AND pg_catalog.pg_table_is_visible(pg_catalog.pg_class.oid) AND pg_catalog.pg_namespace.nspname != $7::VARCHAR
2024-11-23 14:43:05,187 - [cached since 0.003229s ago] ('users', 'r', 'p', 'f', 'v', 'm', 'pg_catalog')
2024-11-23 14:43:05,193 - SELECT roles.id, roles.name 
FROM roles 
WHERE roles.name IN ($1::VARCHAR, $2::VARCHAR)
2024-11-23 14:43:05,193 - [generated in 0.00028s] ('role_manager', 'role_staff')
2024-11-23 14:43:05,195 - COMMIT
2024-11-23 14:43:54,004 - [ROLE_MANAGER] chu executed query: SELECT * FROM Product;
2024-11-23 14:43:54,005 - BEGIN (implicit)
2024-11-23 14:43:54,005 - SELECT * FROM Product;
2024-11-23 14:43:54,006 - [generated in 0.00031s] ()
2024-11-23 14:43:54,009 - Query executed in 0.0043 seconds
2024-11-23 14:43:54,010 - ROLLBACK
2024-11-23 14:44:41,234 - [ROLE_MANAGER] chu executed query: SELECT * FROM Customer;
2024-11-23 14:44:41,235 - BEGIN (implicit)
2024-11-23 14:44:41,235 - SELECT * FROM Customer;
2024-11-23 14:44:41,236 - [generated in 0.00039s] ()
2024-11-23 14:44:41,238 - Query executed in 0.0037 seconds
2024-11-23 14:44:41,239 - ROLLBACK
2024-11-23 14:52:27,315 - [ROLE_MANAGER] chu executed query: SELECT * FROM Customer;
2024-11-23 14:52:27,315 - BEGIN (implicit)
2024-11-23 14:52:27,316 - SELECT * FROM Customer;
2024-11-23 14:52:27,316 - [cached since 466.1s ago] ()
2024-11-23 14:52:27,317 - Query executed in 0.0019 seconds
2024-11-23 14:52:27,318 - ROLLBACK
2024-11-23 14:54:11,910 - select pg_catalog.version()
2024-11-23 14:54:11,910 - [raw sql] ()
2024-11-23 14:54:11,911 - select current_schema()
2024-11-23 14:54:11,911 - [raw sql] ()
2024-11-23 14:54:11,912 - show standard_conforming_strings
2024-11-23 14:54:11,912 - [raw sql] ()
2024-11-23 14:54:11,913 - BEGIN (implicit)
2024-11-23 14:54:11,917 - SELECT pg_catalog.pg_class.relname 
FROM pg_catalog.pg_class JOIN pg_catalog.pg_namespace ON pg_catalog.pg_namespace.oid = pg_catalog.pg_class.relnamespace 
WHERE pg_catalog.pg_class.relname = $1::VARCHAR AND pg_catalog.pg_class.relkind = ANY (ARRAY[$2::VARCHAR, $3::VARCHAR, $4::VARCHAR, $5::VARCHAR, $6::VARCHAR]) AND pg_catalog.pg_table_is_visible(pg_catalog.pg_class.oid) AND pg_catalog.pg_namespace.nspname != $7::VARCHAR
2024-11-23 14:54:11,917 - [generated in 0.00037s] ('roles', 'r', 'p', 'f', 'v', 'm', 'pg_catalog')
2024-11-23 14:54:11,920 - SELECT pg_catalog.pg_class.relname 
FROM pg_catalog.pg_class JOIN pg_catalog.pg_namespace ON pg_catalog.pg_namespace.oid = pg_catalog.pg_class.relnamespace 
WHERE pg_catalog.pg_class.relname = $1::VARCHAR AND pg_catalog.pg_class.relkind = ANY (ARRAY[$2::VARCHAR, $3::VARCHAR, $4::VARCHAR, $5::VARCHAR, $6::VARCHAR]) AND pg_catalog.pg_table_is_visible(pg_catalog.pg_class.oid) AND pg_catalog.pg_namespace.nspname != $7::VARCHAR
2024-11-23 14:54:11,920 - [cached since 0.003281s ago] ('users', 'r', 'p', 'f', 'v', 'm', 'pg_catalog')
2024-11-23 14:54:11,927 - SELECT roles.id, roles.name 
FROM roles 
WHERE roles.name IN ($1::VARCHAR, $2::VARCHAR)
2024-11-23 14:54:11,927 - [generated in 0.00041s] ('role_manager', 'role_staff')
2024-11-23 14:54:11,928 - COMMIT
2024-11-23 14:54:17,433 - select pg_catalog.version()
2024-11-23 14:54:17,434 - [raw sql] ()
2024-11-23 14:54:17,435 - select current_schema()
2024-11-23 14:54:17,435 - [raw sql] ()
2024-11-23 14:54:17,437 - show standard_conforming_strings
2024-11-23 14:54:17,437 - [raw sql] ()
2024-11-23 14:54:17,438 - BEGIN (implicit)
2024-11-23 14:54:17,441 - SELECT pg_catalog.pg_class.relname 
FROM pg_catalog.pg_class JOIN pg_catalog.pg_namespace ON pg_catalog.pg_namespace.oid = pg_catalog.pg_class.relnamespace 
WHERE pg_catalog.pg_class.relname = $1::VARCHAR AND pg_catalog.pg_class.relkind = ANY (ARRAY[$2::VARCHAR, $3::VARCHAR, $4::VARCHAR, $5::VARCHAR, $6::VARCHAR]) AND pg_catalog.pg_table_is_visible(pg_catalog.pg_class.oid) AND pg_catalog.pg_namespace.nspname != $7::VARCHAR
2024-11-23 14:54:17,441 - [generated in 0.00025s] ('roles', 'r', 'p', 'f', 'v', 'm', 'pg_catalog')
2024-11-23 14:54:17,443 - SELECT pg_catalog.pg_class.relname 
FROM pg_catalog.pg_class JOIN pg_catalog.pg_namespace ON pg_catalog.pg_namespace.oid = pg_catalog.pg_class.relnamespace 
WHERE pg_catalog.pg_class.relname = $1::VARCHAR AND pg_catalog.pg_class.relkind = ANY (ARRAY[$2::VARCHAR, $3::VARCHAR, $4::VARCHAR, $5::VARCHAR, $6::VARCHAR]) AND pg_catalog.pg_table_is_visible(pg_catalog.pg_class.oid) AND pg_catalog.pg_namespace.nspname != $7::VARCHAR
2024-11-23 14:54:17,443 - [cached since 0.002374s ago] ('users', 'r', 'p', 'f', 'v', 'm', 'pg_catalog')
2024-11-23 14:54:17,448 - SELECT roles.id, roles.name 
FROM roles 
WHERE roles.name IN ($1::VARCHAR, $2::VARCHAR)
2024-11-23 14:54:17,448 - [generated in 0.00028s] ('role_manager', 'role_staff')
2024-11-23 14:54:17,450 - COMMIT
2024-11-23 14:54:56,483 - select pg_catalog.version()
2024-11-23 14:54:56,483 - [raw sql] ()
2024-11-23 14:54:56,485 - select current_schema()
2024-11-23 14:54:56,485 - [raw sql] ()
2024-11-23 14:54:56,487 - show standard_conforming_strings
2024-11-23 14:54:56,487 - [raw sql] ()
2024-11-23 14:54:56,488 - BEGIN (implicit)
2024-11-23 14:54:56,492 - SELECT pg_catalog.pg_class.relname 
FROM pg_catalog.pg_class JOIN pg_catalog.pg_namespace ON pg_catalog.pg_namespace.oid = pg_catalog.pg_class.relnamespace 
WHERE pg_catalog.pg_class.relname = $1::VARCHAR AND pg_catalog.pg_class.relkind = ANY (ARRAY[$2::VARCHAR, $3::VARCHAR, $4::VARCHAR, $5::VARCHAR, $6::VARCHAR]) AND pg_catalog.pg_table_is_visible(pg_catalog.pg_class.oid) AND pg_catalog.pg_namespace.nspname != $7::VARCHAR
2024-11-23 14:54:56,492 - [generated in 0.00025s] ('roles', 'r', 'p', 'f', 'v', 'm', 'pg_catalog')
2024-11-23 14:54:56,494 - SELECT pg_catalog.pg_class.relname 
FROM pg_catalog.pg_class JOIN pg_catalog.pg_namespace ON pg_catalog.pg_namespace.oid = pg_catalog.pg_class.relnamespace 
WHERE pg_catalog.pg_class.relname = $1::VARCHAR AND pg_catalog.pg_class.relkind = ANY (ARRAY[$2::VARCHAR, $3::VARCHAR, $4::VARCHAR, $5::VARCHAR, $6::VARCHAR]) AND pg_catalog.pg_table_is_visible(pg_catalog.pg_class.oid) AND pg_catalog.pg_namespace.nspname != $7::VARCHAR
2024-11-23 14:54:56,494 - [cached since 0.002499s ago] ('users', 'r', 'p', 'f', 'v', 'm', 'pg_catalog')
2024-11-23 14:54:56,500 - SELECT roles.id, roles.name 
FROM roles 
WHERE roles.name IN ($1::VARCHAR, $2::VARCHAR)
2024-11-23 14:54:56,500 - [generated in 0.00031s] ('role_manager', 'role_staff')
2024-11-23 14:54:56,502 - COMMIT
2024-11-23 14:54:59,109 - [ROLE_MANAGER] chu executed query: SELECT * FROM Customer;
2024-11-23 14:54:59,110 - BEGIN (implicit)
2024-11-23 14:54:59,111 - SELECT * FROM Customer;
2024-11-23 14:54:59,111 - [generated in 0.00041s] ()
2024-11-23 14:54:59,113 - Query executed in 0.0043 seconds
2024-11-23 14:54:59,133 - ROLLBACK
2024-11-23 14:55:12,336 - BEGIN (implicit)
2024-11-23 14:55:12,338 - SELECT users.id, users.username, users.password, users.role_id, roles.id AS id_1, roles.name 
FROM users JOIN roles ON users.role_id = roles.id 
WHERE users.username = $1::VARCHAR
2024-11-23 14:55:12,338 - [generated in 0.00024s] ('chu',)
2024-11-23 14:55:12,456 - ROLLBACK
2024-11-23 14:55:15,529 - [ROLE_MANAGER] chu executed query: SELECT * FROM Orders;
2024-11-23 14:55:15,529 - BEGIN (implicit)
2024-11-23 14:55:15,530 - SELECT * FROM Orders;
2024-11-23 14:55:15,530 - [generated in 0.00018s] ()
2024-11-23 14:55:15,532 - Query executed in 0.0026 seconds
2024-11-23 14:55:15,533 - ROLLBACK
2024-11-23 14:55:18,603 - [ROLE_MANAGER] chu executed query: SELECT * FROM Product;
2024-11-23 14:55:18,604 - BEGIN (implicit)
2024-11-23 14:55:18,605 - SELECT * FROM Product;
2024-11-23 14:55:18,605 - [generated in 0.00045s] ()
2024-11-23 14:55:18,608 - Query executed in 0.0046 seconds
2024-11-23 14:55:18,609 - ROLLBACK
2024-11-23 14:55:20,949 - [ROLE_MANAGER] chu executed query: SELECT * FROM Customer;
2024-11-23 14:55:20,950 - BEGIN (implicit)
2024-11-23 14:55:20,951 - SELECT * FROM Customer;
2024-11-23 14:55:20,951 - [cached since 21.84s ago] ()
2024-11-23 14:55:20,953 - Query executed in 0.0033 seconds
2024-11-23 14:55:20,954 - ROLLBACK
2024-11-23 14:55:51,678 - select pg_catalog.version()
2024-11-23 14:55:51,678 - [raw sql] ()
2024-11-23 14:55:51,679 - select current_schema()
2024-11-23 14:55:51,679 - [raw sql] ()
2024-11-23 14:55:51,680 - show standard_conforming_strings
2024-11-23 14:55:51,681 - [raw sql] ()
2024-11-23 14:55:51,681 - BEGIN (implicit)
2024-11-23 14:55:51,685 - SELECT pg_catalog.pg_class.relname 
FROM pg_catalog.pg_class JOIN pg_catalog.pg_namespace ON pg_catalog.pg_namespace.oid = pg_catalog.pg_class.relnamespace 
WHERE pg_catalog.pg_class.relname = $1::VARCHAR AND pg_catalog.pg_class.relkind = ANY (ARRAY[$2::VARCHAR, $3::VARCHAR, $4::VARCHAR, $5::VARCHAR, $6::VARCHAR]) AND pg_catalog.pg_table_is_visible(pg_catalog.pg_class.oid) AND pg_catalog.pg_namespace.nspname != $7::VARCHAR
2024-11-23 14:55:51,685 - [generated in 0.00024s] ('roles', 'r', 'p', 'f', 'v', 'm', 'pg_catalog')
2024-11-23 14:55:51,687 - SELECT pg_catalog.pg_class.relname 
FROM pg_catalog.pg_class JOIN pg_catalog.pg_namespace ON pg_catalog.pg_namespace.oid = pg_catalog.pg_class.relnamespace 
WHERE pg_catalog.pg_class.relname = $1::VARCHAR AND pg_catalog.pg_class.relkind = ANY (ARRAY[$2::VARCHAR, $3::VARCHAR, $4::VARCHAR, $5::VARCHAR, $6::VARCHAR]) AND pg_catalog.pg_table_is_visible(pg_catalog.pg_class.oid) AND pg_catalog.pg_namespace.nspname != $7::VARCHAR
2024-11-23 14:55:51,687 - [cached since 0.002672s ago] ('users', 'r', 'p', 'f', 'v', 'm', 'pg_catalog')
2024-11-23 14:55:51,693 - SELECT roles.id, roles.name 
FROM roles 
WHERE roles.name IN ($1::VARCHAR, $2::VARCHAR)
2024-11-23 14:55:51,693 - [generated in 0.00027s] ('role_manager', 'role_staff')
2024-11-23 14:55:51,695 - COMMIT
2024-11-23 14:56:56,277 - select pg_catalog.version()
2024-11-23 14:56:56,277 - [raw sql] ()
2024-11-23 14:56:56,278 - select current_schema()
2024-11-23 14:56:56,279 - [raw sql] ()
2024-11-23 14:56:56,280 - show standard_conforming_strings
2024-11-23 14:56:56,280 - [raw sql] ()
2024-11-23 14:56:56,281 - BEGIN (implicit)
2024-11-23 14:56:56,285 - SELECT pg_catalog.pg_class.relname 
FROM pg_catalog.pg_class JOIN pg_catalog.pg_namespace ON pg_catalog.pg_namespace.oid = pg_catalog.pg_class.relnamespace 
WHERE pg_catalog.pg_class.relname = $1::VARCHAR AND pg_catalog.pg_class.relkind = ANY (ARRAY[$2::VARCHAR, $3::VARCHAR, $4::VARCHAR, $5::VARCHAR, $6::VARCHAR]) AND pg_catalog.pg_table_is_visible(pg_catalog.pg_class.oid) AND pg_catalog.pg_namespace.nspname != $7::VARCHAR
2024-11-23 14:56:56,286 - [generated in 0.00029s] ('roles', 'r', 'p', 'f', 'v', 'm', 'pg_catalog')
2024-11-23 14:56:56,288 - SELECT pg_catalog.pg_class.relname 
FROM pg_catalog.pg_class JOIN pg_catalog.pg_namespace ON pg_catalog.pg_namespace.oid = pg_catalog.pg_class.relnamespace 
WHERE pg_catalog.pg_class.relname = $1::VARCHAR AND pg_catalog.pg_class.relkind = ANY (ARRAY[$2::VARCHAR, $3::VARCHAR, $4::VARCHAR, $5::VARCHAR, $6::VARCHAR]) AND pg_catalog.pg_table_is_visible(pg_catalog.pg_class.oid) AND pg_catalog.pg_namespace.nspname != $7::VARCHAR
2024-11-23 14:56:56,288 - [cached since 0.00239s ago] ('users', 'r', 'p', 'f', 'v', 'm', 'pg_catalog')
2024-11-23 14:56:56,293 - SELECT roles.id, roles.name 
FROM roles 
WHERE roles.name IN ($1::VARCHAR, $2::VARCHAR)
2024-11-23 14:56:56,293 - [generated in 0.00028s] ('role_manager', 'role_staff')
2024-11-23 14:56:56,294 - COMMIT
2024-11-23 14:58:28,207 - select pg_catalog.version()
2024-11-23 14:58:28,207 - [raw sql] ()
2024-11-23 14:58:28,209 - select current_schema()
2024-11-23 14:58:28,209 - [raw sql] ()
2024-11-23 14:58:28,210 - show standard_conforming_strings
2024-11-23 14:58:28,210 - [raw sql] ()
2024-11-23 14:58:28,211 - BEGIN (implicit)
2024-11-23 14:58:28,215 - SELECT pg_catalog.pg_class.relname 
FROM pg_catalog.pg_class JOIN pg_catalog.pg_namespace ON pg_catalog.pg_namespace.oid = pg_catalog.pg_class.relnamespace 
WHERE pg_catalog.pg_class.relname = $1::VARCHAR AND pg_catalog.pg_class.relkind = ANY (ARRAY[$2::VARCHAR, $3::VARCHAR, $4::VARCHAR, $5::VARCHAR, $6::VARCHAR]) AND pg_catalog.pg_table_is_visible(pg_catalog.pg_class.oid) AND pg_catalog.pg_namespace.nspname != $7::VARCHAR
2024-11-23 14:58:28,215 - [generated in 0.00027s] ('roles', 'r', 'p', 'f', 'v', 'm', 'pg_catalog')
2024-11-23 14:58:28,218 - SELECT pg_catalog.pg_class.relname 
FROM pg_catalog.pg_class JOIN pg_catalog.pg_namespace ON pg_catalog.pg_namespace.oid = pg_catalog.pg_class.relnamespace 
WHERE pg_catalog.pg_class.relname = $1::VARCHAR AND pg_catalog.pg_class.relkind = ANY (ARRAY[$2::VARCHAR, $3::VARCHAR, $4::VARCHAR, $5::VARCHAR, $6::VARCHAR]) AND pg_catalog.pg_table_is_visible(pg_catalog.pg_class.oid) AND pg_catalog.pg_namespace.nspname != $7::VARCHAR
2024-11-23 14:58:28,218 - [cached since 0.003071s ago] ('users', 'r', 'p', 'f', 'v', 'm', 'pg_catalog')
2024-11-23 14:58:28,225 - SELECT roles.id, roles.name 
FROM roles 
WHERE roles.name IN ($1::VARCHAR, $2::VARCHAR)
2024-11-23 14:58:28,226 - [generated in 0.00041s] ('role_manager', 'role_staff')
2024-11-23 14:58:28,227 - COMMIT
2024-11-23 14:59:40,534 - [ROLE_MANAGER] chu executed query: SELECT * FROM Customer;
2024-11-23 14:59:40,535 - BEGIN (implicit)
2024-11-23 14:59:40,535 - SELECT * FROM Customer;
2024-11-23 14:59:40,536 - [generated in 0.00031s] ()
2024-11-23 14:59:40,538 - Query executed in 0.0034 seconds
2024-11-23 14:59:40,555 - ROLLBACK
2024-11-23 15:00:08,555 - BEGIN (implicit)
2024-11-23 15:00:08,559 - SELECT users.id, users.username, users.password, users.role_id, roles.id AS id_1, roles.name 
FROM users JOIN roles ON users.role_id = roles.id 
WHERE users.username = $1::VARCHAR
2024-11-23 15:00:08,559 - [generated in 0.00061s] ('chu',)
2024-11-23 15:00:08,676 - ROLLBACK
2024-11-23 15:00:11,163 - [ROLE_MANAGER] chu executed query: SELECT * FROM Orders;
2024-11-23 15:00:11,163 - BEGIN (implicit)
2024-11-23 15:00:11,163 - SELECT * FROM Orders;
2024-11-23 15:00:11,164 - [generated in 0.00028s] ()
2024-11-23 15:00:11,166 - Query executed in 0.0033 seconds
2024-11-23 15:00:11,167 - ROLLBACK
2024-11-23 15:00:31,722 - BEGIN (implicit)
2024-11-23 15:00:31,723 - SELECT users.id, users.username, users.password, users.role_id, roles.id AS id_1, roles.name 
FROM users JOIN roles ON users.role_id = roles.id 
WHERE users.username = $1::VARCHAR
2024-11-23 15:00:31,723 - [cached since 23.16s ago] ('chu',)
2024-11-23 15:00:31,866 - ROLLBACK
2024-11-23 15:00:34,390 - [ROLE_MANAGER] chu executed query: SELECT * FROM Orders;
2024-11-23 15:00:34,391 - BEGIN (implicit)
2024-11-23 15:00:34,391 - SELECT * FROM Orders;
2024-11-23 15:00:34,391 - [cached since 23.23s ago] ()
2024-11-23 15:00:34,392 - Query executed in 0.0019 seconds
2024-11-23 15:00:34,393 - ROLLBACK
2024-11-23 15:00:38,107 - [ROLE_MANAGER] chu executed query: SELECT * FROM Product;
2024-11-23 15:00:38,107 - BEGIN (implicit)
2024-11-23 15:00:38,108 - SELECT * FROM Product;
2024-11-23 15:00:38,108 - [generated in 0.00040s] ()
2024-11-23 15:00:38,111 - Query executed in 0.0039 seconds
2024-11-23 15:00:38,112 - ROLLBACK
2024-11-23 15:00:41,017 - [ROLE_MANAGER] chu executed query: SELECT * FROM Customer;
2024-11-23 15:00:41,018 - BEGIN (implicit)
2024-11-23 15:00:41,018 - SELECT * FROM Customer;
2024-11-23 15:00:41,018 - [cached since 60.48s ago] ()
2024-11-23 15:00:41,020 - Query executed in 0.0025 seconds
2024-11-23 15:00:41,021 - ROLLBACK
2024-11-23 15:02:03,581 - [ROLE_MANAGER] chu executed query: SELECT * FROM Orders;
2024-11-23 15:02:03,582 - BEGIN (implicit)
2024-11-23 15:02:03,582 - SELECT * FROM Orders;
2024-11-23 15:02:03,582 - [cached since 112.4s ago] ()
2024-11-23 15:02:03,583 - Query executed in 0.0015 seconds
2024-11-23 15:02:03,584 - ROLLBACK
